Start testing: Nov 17 16:19 CET
----------------------------------------------------------
1/1 Testing: CommonPthreadError
1/1 Test: CommonPthreadError
Command: "/usr/bin/perl" "/user/9/chellatr/SEPC/sepc_lecteur/ensimag-video/C/tests/pthcocci.pl"
Directory: /user/9/chellatr/SEPC/sepc_lecteur/ensimag-video/C/build
"CommonPthreadError" start time: Nov 17 16:19 CET
Output:
----------------------------------------------------------
<end of output>
Test time =   0.31 sec
----------------------------------------------------------
Test Passed.
"CommonPthreadError" end time: Nov 17 16:19 CET
"CommonPthreadError" time elapsed: 00:00:00
----------------------------------------------------------

End testing: Nov 17 16:19 CET
